2026-03-14 15:41:31,307 - INFO - ==================================================
2026-03-14 15:41:31,307 - INFO - Starting LAGIS Ultra-Optimized Pipeline
2026-03-14 15:41:31,307 - INFO - Timestamp: 2026-03-14T15:41:31.307469
2026-03-14 15:41:31,307 - INFO - ==================================================
2026-03-14 15:41:31,307 - INFO - >>> Running: collect_feeds
2026-03-14 15:41:31,320 - INFO - Collector initialized with 30 feeds
2026-03-14 15:41:31,320 - INFO - Fetching 30 feeds in parallel...
2026-03-14 15:41:31,426 - INFO - Fetched AP News: 0 articles
2026-03-14 15:41:31,678 - INFO - Fetched Fox News World: 0 articles
2026-03-14 15:41:31,687 - INFO - Fetched NYT World: 8 articles
2026-03-14 15:41:31,759 - INFO - Fetched CNN World: 8 articles
2026-03-14 15:41:31,773 - INFO - Fetched BBC World: 8 articles
2026-03-14 15:41:31,852 - INFO - Fetched Guardian World: 8 articles
2026-03-14 15:41:31,998 - INFO - Fetched ABC News: 8 articles
2026-03-14 15:41:32,044 - INFO - Fetched CBS News: 0 articles
2026-03-14 15:41:32,125 - INFO - Fetched Reuters World: 0 articles
2026-03-14 15:41:32,146 - INFO - Fetched France24: 8 articles
2026-03-14 15:41:32,171 - INFO - Fetched Euronews: 8 articles
2026-03-14 15:41:32,247 - INFO - Fetched DW World: 8 articles
2026-03-14 15:41:32,343 - INFO - Fetched Sky News: 0 articles
2026-03-14 15:41:32,376 - INFO - Fetched BBC Business: 8 articles
2026-03-14 15:41:32,553 - INFO - Fetched Reuters Business: 0 articles
2026-03-14 15:41:32,567 - INFO - Fetched Al Jazeera: 8 articles
2026-03-14 15:41:32,609 - INFO - Fetched CNBC: 8 articles
2026-03-14 15:41:32,719 - INFO - Fetched Foreign Affairs: 8 articles
2026-03-14 15:41:32,738 - INFO - Fetched Economist: 0 articles
2026-03-14 15:41:32,772 - INFO - Fetched Bloomberg: 8 articles
2026-03-14 15:41:32,784 - INFO - Fetched Stratfor: 0 articles
2026-03-14 15:41:32,784 - INFO - Fetched NBC News: 0 articles
2026-03-14 15:41:33,051 - INFO - Fetched Financial Times: 8 articles
2026-03-14 15:41:33,132 - INFO - Fetched Brookings: 0 articles
2026-03-14 15:41:33,138 - INFO - Fetched MarketWatch: 8 articles
2026-03-14 15:41:33,198 - INFO - Fetched RAND: 0 articles
2026-03-14 15:41:33,365 - INFO - Fetched Jane's Defence: 0 articles
2026-03-14 15:41:33,542 - INFO - Fetched CSIS: 0 articles
2026-03-14 15:41:33,774 - INFO - Fetched Defense News: 0 articles
2026-03-14 15:41:41,047 - INFO - Fetched Washington Post: 8 articles
2026-03-14 15:41:47,669 - INFO - Collected 127 unique articles from 30 feeds
2026-03-14 15:41:47,669 - INFO - <<< Completed: collect_feeds
2026-03-14 15:41:47,671 - INFO - >>> Running: archive
2026-03-14 15:41:47,774 - INFO - Archive initialized - 1220 articles already archived
2026-03-14 15:41:47,777 - INFO - Archived 90 new articles (90 total today)
2026-03-14 15:41:47,777 - INFO - Archive complete: 90 new articles saved
2026-03-14 15:41:47,777 - INFO - <<< Completed: archive
2026-03-14 15:41:47,777 - INFO - >>> Running: article_filter
2026-03-14 15:41:47,784 - INFO - Article filter: 59 relevant (score >= 4), 68 filtered out
2026-03-14 15:41:47,784 - INFO - Filtered 127 articles -> 59 relevant
2026-03-14 15:41:47,784 - INFO - <<< Completed: article_filter
2026-03-14 15:41:47,784 - INFO - >>> Running: quick_analysis
2026-03-14 15:41:47,784 - INFO - <<< Completed: quick_analysis
2026-03-14 15:41:47,784 - INFO - >>> Running: signal_detection
2026-03-14 15:41:47,790 - INFO - <<< Completed: signal_detection
2026-03-14 15:41:47,790 - INFO - >>> Running: context_retrieval
2026-03-14 15:41:47,817 - INFO - Knowledge base initialized at C:\Users\Aldin\Desktop\Projects\GeoIntelOpenCode\data\knowledge.db
2026-03-14 15:41:47,821 - INFO - World Model initialized at C:\Users\Aldin\Desktop\Projects\GeoIntelOpenCode\data\world_state.db
2026-03-14 15:41:47,821 - INFO - Context retrieved for: 0 countries, 0 issues
2026-03-14 15:41:47,821 - INFO - <<< Completed: context_retrieval
2026-03-14 15:41:47,821 - INFO - >>> Running: embed_events
2026-03-14 15:41:47,928 - INFO - Knowledge (events): stored 0, skipped 3
2026-03-14 15:41:47,928 - INFO - Knowledge: embedded 0 events
2026-03-14 15:41:47,928 - INFO - <<< Completed: embed_events
2026-03-14 15:41:47,928 - INFO - >>> Running: memory_graph
2026-03-14 15:41:47,937 - INFO - <<< Completed: memory_graph
2026-03-14 15:41:47,937 - INFO - >>> Running: intelligence_synthesis
2026-03-14 15:41:47,937 - INFO - <<< Completed: intelligence_synthesis
2026-03-14 15:41:47,937 - INFO - >>> Running: kosovo_impact
2026-03-14 15:41:47,937 - INFO - No Kosovo-relevant events found
2026-03-14 15:41:47,937 - INFO - <<< Completed: kosovo_impact
2026-03-14 15:41:47,937 - INFO - >>> Running: generate_brief
2026-03-14 15:41:48,529 - INFO - Telegram service enabled
2026-03-14 15:41:49,105 - INFO - Message sent successfully (1 chunks)
2026-03-14 15:41:49,107 - INFO - Brief sent to Telegram
2026-03-14 15:41:49,107 - INFO - <<< Completed: generate_brief
2026-03-14 15:41:49,107 - INFO - ==================================================
2026-03-14 15:41:49,108 - INFO - Pipeline Complete
2026-03-14 15:41:49,108 - INFO - Final status: briefed
2026-03-14 15:41:49,108 - INFO - Efficiency: 11 run, 0 skipped, 17.8s
2026-03-14 15:41:49,108 - INFO - ==================================================
